[0m09:42:32.841252 [debug] [MainThread]: Sending event: {'category': 'dbt', 'action': 'invocation', 'label': 'start', 'context': [<snowplow_tracker.self_describing_json.SelfDescribingJson object at 0xffff9f19d5d0>, <snowplow_tracker.self_describing_json.SelfDescribingJson object at 0xffff9cc94ed0>, <snowplow_tracker.self_describing_json.SelfDescribingJson object at 0xffff9d967010>]}


============================== 09:42:32.844010 | 81dd8863-b3fd-4b14-bdfe-bdf073292e11 ==============================
[0m09:42:32.844010 [info ] [MainThread]: Running with dbt=1.11.0-a1
[0m09:42:32.844362 [debug] [MainThread]: running dbt with arguments {'printer_width': '80', 'indirect_selection': 'eager', 'write_json': 'True', 'log_cache_events': 'False', 'partial_parse': 'True', 'cache_selected_only': 'False', 'warn_error': 'None', 'fail_fast': 'False', 'version_check': 'True', 'log_path': 'logs', 'profiles_dir': '/root/.dbt', 'debug': 'False', 'use_colors': 'True', 'use_experimental_parser': 'False', 'no_print': 'None', 'quiet': 'False', 'empty': 'None', 'warn_error_options': 'WarnErrorOptionsV2(error=[], warn=[], silence=[])', 'static_parser': 'True', 'introspect': 'True', 'invocation_command': 'dbt init imdb', 'target_path': 'None', 'log_format': 'default', 'send_anonymous_usage_stats': 'True'}
[0m09:42:32.847763 [debug] [MainThread]: Starter project path: /usr/local/lib/python3.11/site-packages/dbt/include/starter_project
[0m09:42:32.856036 [info ] [MainThread]: 
Your new dbt project "imdb" was created!

For more information on how to configure the profiles.yml file,
please consult the dbt documentation here:

  https://docs.getdbt.com/docs/configure-your-profile

One more thing:

Need help? Don't hesitate to reach out to us via GitHub issues or on Slack:

  https://community.getdbt.com/

Happy modeling!

[0m09:42:32.856266 [info ] [MainThread]: Setting up your profile.
[0m09:42:35.548206 [info ] [MainThread]: No sample profile found for clickhouse.
[0m09:42:35.550237 [debug] [MainThread]: Resource report: {"command_name": "init", "command_success": true, "command_wall_clock_time": 2.714919, "process_in_blocks": "0", "process_kernel_time": 0.105805, "process_mem_max_rss": "92288", "process_out_blocks": "1595", "process_user_time": 0.566668}
[0m09:42:35.550966 [debug] [MainThread]: Command `dbt init` succeeded at 09:42:35.550841 after 2.72 seconds
[0m09:42:35.551416 [debug] [MainThread]: Sending event: {'category': 'dbt', 'action': 'invocation', 'label': 'end', 'context': [<snowplow_tracker.self_describing_json.SelfDescribingJson object at 0xffff9cd9fa50>, <snowplow_tracker.self_describing_json.SelfDescribingJson object at 0xffff9ce71110>, <snowplow_tracker.self_describing_json.SelfDescribingJson object at 0xffff9ce71990>]}
[0m09:42:35.551865 [debug] [MainThread]: Flushing usage events
[0m09:42:36.195777 [debug] [MainThread]: An error was encountered while trying to flush usage events
[0m09:43:10.059590 [debug] [MainThread]: Sending event: {'category': 'dbt', 'action': 'invocation', 'label': 'start', 'context': [<snowplow_tracker.self_describing_json.SelfDescribingJson object at 0xffff927a2c90>, <snowplow_tracker.self_describing_json.SelfDescribingJson object at 0xffff927add10>, <snowplow_tracker.self_describing_json.SelfDescribingJson object at 0xffff929e8b90>]}


============================== 09:43:10.062306 | 3ea45499-6cc9-4a73-b437-9378a6cb54ab ==============================
[0m09:43:10.062306 [info ] [MainThread]: Running with dbt=1.11.0-a1
[0m09:43:10.062634 [debug] [MainThread]: running dbt with arguments {'printer_width': '80', 'indirect_selection': 'eager', 'log_cache_events': 'False', 'write_json': 'True', 'partial_parse': 'True', 'cache_selected_only': 'False', 'profiles_dir': '/root/.dbt', 'fail_fast': 'False', 'warn_error': 'None', 'log_path': 'logs', 'debug': 'False', 'version_check': 'True', 'use_colors': 'True', 'use_experimental_parser': 'False', 'empty': 'None', 'quiet': 'False', 'no_print': 'None', 'warn_error_options': 'WarnErrorOptionsV2(error=[], warn=[], silence=[])', 'introspect': 'True', 'static_parser': 'True', 'log_format': 'default', 'target_path': 'None', 'invocation_command': 'dbt debug', 'send_anonymous_usage_stats': 'True'}
[0m09:43:10.065819 [info ] [MainThread]: dbt version: 1.11.0-a1
[0m09:43:10.066048 [info ] [MainThread]: python version: 3.11.2
[0m09:43:10.066321 [info ] [MainThread]: python path: /usr/local/bin/python
[0m09:43:10.066596 [info ] [MainThread]: os info: Linux-6.10.14-linuxkit-aarch64-with-glibc2.31
[0m09:43:10.089136 [info ] [MainThread]: Using profiles dir at /root/.dbt
[0m09:43:10.089391 [info ] [MainThread]: Using profiles.yml file at /root/.dbt/profiles.yml
[0m09:43:10.089651 [info ] [MainThread]: Using dbt_project.yml file at /usr/app/dbt/dbt_project.yml
[0m09:43:10.089989 [info ] [MainThread]: adapter type: clickhouse
[0m09:43:10.090226 [info ] [MainThread]: adapter version: 1.9.1
[0m09:43:10.090485 [info ] [MainThread]: Configuration:
[0m09:43:10.090728 [info ] [MainThread]:   profiles.yml file [[32mOK found and valid[0m]
[0m09:43:10.090958 [info ] [MainThread]:   dbt_project.yml file [[31mERROR not found[0m]
[0m09:43:10.091149 [info ] [MainThread]: Required dependencies:
[0m09:43:10.091388 [debug] [MainThread]: Executing "git --help"
[0m09:43:10.092495 [debug] [MainThread]: STDOUT: "b"usage: git [--version] [--help] [-C <path>] [-c <name>=<value>]\n           [--exec-path[=<path>]] [--html-path] [--man-path] [--info-path]\n           [-p | --paginate | -P | --no-pager] [--no-replace-objects] [--bare]\n           [--git-dir=<path>] [--work-tree=<path>] [--namespace=<name>]\n           <command> [<args>]\n\nThese are common Git commands used in various situations:\n\nstart a working area (see also: git help tutorial)\n   clone             Clone a repository into a new directory\n   init              Create an empty Git repository or reinitialize an existing one\n\nwork on the current change (see also: git help everyday)\n   add               Add file contents to the index\n   mv                Move or rename a file, a directory, or a symlink\n   restore           Restore working tree files\n   rm                Remove files from the working tree and from the index\n   sparse-checkout   Initialize and modify the sparse-checkout\n\nexamine the history and state (see also: git help revisions)\n   bisect            Use binary search to find the commit that introduced a bug\n   diff              Show changes between commits, commit and working tree, etc\n   grep              Print lines matching a pattern\n   log               Show commit logs\n   show              Show various types of objects\n   status            Show the working tree status\n\ngrow, mark and tweak your common history\n   branch            List, create, or delete branches\n   commit            Record changes to the repository\n   merge             Join two or more development histories together\n   rebase            Reapply commits on top of another base tip\n   reset             Reset current HEAD to the specified state\n   switch            Switch branches\n   tag               Create, list, delete or verify a tag object signed with GPG\n\ncollaborate (see also: git help workflows)\n   fetch             Download objects and refs from another repository\n   pull              Fetch from and integrate with another repository or a local branch\n   push              Update remote refs along with associated objects\n\n'git help -a' and 'git help -g' list available subcommands and some\nconcept guides. See 'git help <command>' or 'git help <concept>'\nto read about a specific subcommand or concept.\nSee 'git help git' for an overview of the system.\n""
[0m09:43:10.092690 [debug] [MainThread]: STDERR: "b''"
[0m09:43:10.092843 [info ] [MainThread]:  - git [[32mOK found[0m]

[0m09:43:10.093024 [info ] [MainThread]: Connection:
[0m09:43:10.093289 [info ] [MainThread]:   driver: http
[0m09:43:10.093503 [info ] [MainThread]:   host: some-clickhouse-server
[0m09:43:10.093700 [info ] [MainThread]:   port: 8123
[0m09:43:10.093908 [info ] [MainThread]:   user: dbt
[0m09:43:10.094109 [info ] [MainThread]:   schema: default
[0m09:43:10.094375 [info ] [MainThread]:   retries: 1
[0m09:43:10.094539 [info ] [MainThread]:   cluster: None
[0m09:43:10.094804 [info ] [MainThread]:   database_engine: None
[0m09:43:10.095001 [info ] [MainThread]:   cluster_mode: False
[0m09:43:10.095224 [info ] [MainThread]:   secure: False
[0m09:43:10.095396 [info ] [MainThread]:   verify: True
[0m09:43:10.095571 [info ] [MainThread]:   client_cert: None
[0m09:43:10.095779 [info ] [MainThread]:   client_cert_key: None
[0m09:43:10.095984 [info ] [MainThread]:   connect_timeout: 10
[0m09:43:10.096210 [info ] [MainThread]:   send_receive_timeout: 300
[0m09:43:10.096412 [info ] [MainThread]:   sync_request_timeout: 5
[0m09:43:10.096577 [info ] [MainThread]:   compress_block_size: 1048576
[0m09:43:10.096755 [info ] [MainThread]:   compression: 
[0m09:43:10.096969 [info ] [MainThread]:   check_exchange: True
[0m09:43:10.097135 [info ] [MainThread]:   custom_settings: None
[0m09:43:10.097330 [info ] [MainThread]:   use_lw_deletes: False
[0m09:43:10.097518 [info ] [MainThread]:   allow_automatic_deduplication: False
[0m09:43:10.097703 [info ] [MainThread]:   tcp_keepalive: False
[0m09:43:10.097977 [info ] [MainThread]: Registered adapter: clickhouse=1.9.1
[0m09:43:10.118325 [debug] [MainThread]: Acquiring new clickhouse connection 'debug'
[0m09:43:10.118565 [debug] [MainThread]: Opening a new connection, currently in state init
[0m09:43:10.151205 [debug] [MainThread]: dbt_clickhouse adapter: On debug: select 1 as id...
[0m09:43:10.152615 [debug] [MainThread]: dbt_clickhouse adapter: SQL status: OK in 0.00 seconds
[0m09:43:10.158143 [info ] [MainThread]:   Connection test: [[32mOK connection ok[0m]

[0m09:43:10.158424 [info ] [MainThread]: [31m1 check failed:[0m
[0m09:43:10.158713 [info ] [MainThread]: Project loading failed for the following reason:
 project path </usr/app/dbt/dbt_project.yml> not found

[0m09:43:10.159241 [debug] [MainThread]: Resource report: {"command_name": "debug", "command_success": false, "command_wall_clock_time": 0.11856458, "process_in_blocks": "0", "process_kernel_time": 0.067238, "process_mem_max_rss": "101628", "process_out_blocks": "1622", "process_user_time": 0.626221}
[0m09:43:10.159446 [debug] [MainThread]: Command `dbt debug` failed at 09:43:10.159410 after 0.12 seconds
[0m09:43:10.159606 [debug] [MainThread]: Connection 'debug' was left open.
[0m09:43:10.159746 [debug] [MainThread]: On debug: Close
[0m09:43:10.159936 [debug] [MainThread]: Sending event: {'category': 'dbt', 'action': 'invocation', 'label': 'end', 'context': [<snowplow_tracker.self_describing_json.SelfDescribingJson object at 0xffff9261f710>, <snowplow_tracker.self_describing_json.SelfDescribingJson object at 0xffff92c56590>, <snowplow_tracker.self_describing_json.SelfDescribingJson object at 0xffff92556bd0>]}
[0m09:43:10.160107 [debug] [MainThread]: Flushing usage events
[0m09:43:10.662890 [debug] [MainThread]: An error was encountered while trying to flush usage events
